
> postgui@1.1.0 start /home/priyank.purohit/PostgUI-PRIVATE
> react-scripts start

sh: react-scripts: command not found

npm ERR! Linux 3.10.0-693.11.6.el7.x86_64
npm ERR! argv "/usr/bin/node" "/usr/bin/npm" "start"
npm ERR! node v6.12.3
npm ERR! npm  v3.10.10
npm ERR! file sh
npm ERR! code ELIFECYCLE
npm ERR! errno ENOENT
npm ERR! syscall spawn
npm ERR! postgui@1.1.0 start: `react-scripts start`
npm ERR! spawn ENOENT
npm ERR! 
npm ERR! Failed at the postgui@1.1.0 start script 'react-scripts start'.
npm ERR! Make sure you have the latest version of node.js and npm installed.
npm ERR! If you do, this is most likely a problem with the postgui package,
npm ERR! not with npm itself.
npm ERR! Tell the author that this fails on your system:
npm ERR!     react-scripts start
npm ERR! You can get information on how to open an issue for this project with:
npm ERR!     npm bugs postgui
npm ERR! Or if that isn't available, you can get their info via:
npm ERR!     npm owner ls postgui
npm ERR! There is likely additional logging output above.
npm WARN Local package.json exists, but node_modules missing, did you mean to install?

npm ERR! Please include the following file with any support request:
npm ERR!     /home/priyank.purohit/PostgUI-PRIVATE/npm-debug.log

> postgui@1.1.0 start /home/priyank.purohit/PostgUI-PRIVATE
> react-scripts start

Something is already running on port 3000.

> postgui@1.1.0 start /home/priyank.purohit/PostgUI-PRIVATE
> PORT=8771 react-scripts start

Starting the development server...

Compiled successfully!

The app is running at:

  http://localhost:8771/

Note that the development build is not optimized.
To create a production build, use npm run build.

Compiling...
Compiled successfully!
